{"/mnt/c/Users/AnatolKhmialeuski/Workspace/obsidian-citation-extended/src/obsidian-extensions.ts": {"path":"/mnt/c/Users/AnatolKhmialeuski/Workspace/obsidian-citation-extended/src/obsidian-extensions.ts","statementMap":{"0":{"start":{"line":5,"column":0},"end":{"line":5,"column":34}},"1":{"start":{"line":7,"column":0},"end":{"line":7,"column":null}},"2":{"start":{"line":7,"column":31},"end":{"line":7,"column":37}},"3":{"start":{"line":8,"column":9},"end":{"line":8,"column":49}},"4":{"start":{"line":11,"column":0},"end":{"line":11,"column":null}},"5":{"start":{"line":7,"column":13},"end":{"line":7,"column":22}}},"fnMap":{"0":{"name":"(anonymous_0)","decl":{"start":{"line":7,"column":0},"end":{"line":7,"column":13}},"loc":{"start":{"line":7,"column":0},"end":{"line":7,"column":13}}}},"branchMap":{},"s":{"0":2,"1":2,"2":2,"3":2,"4":2,"5":2},"f":{"0":2},"b":{}}
,"/mnt/c/Users/AnatolKhmialeuski/Workspace/obsidian-citation-extended/src/settings.ts": {"path":"/mnt/c/Users/AnatolKhmialeuski/Workspace/obsidian-citation-extended/src/settings.ts","statementMap":{"0":{"start":{"line":1,"column":0},"end":{"line":1,"column":null}},"1":{"start":{"line":11,"column":0},"end":{"line":11,"column":71}},"2":{"start":{"line":13,"column":70},"end":{"line":16,"column":2}},"3":{"start":{"line":18,"column":0},"end":{"line":18,"column":13}},"4":{"start":{"line":20,"column":2},"end":{"line":20,"column":50}},"5":{"start":{"line":22,"column":2},"end":{"line":22,"column":47}},"6":{"start":{"line":23,"column":2},"end":{"line":23,"column":41}},"7":{"start":{"line":24,"column":2},"end":{"line":29,"column":14}},"8":{"start":{"line":31,"column":2},"end":{"line":31,"column":46}},"9":{"start":{"line":32,"column":2},"end":{"line":32,"column":55}},"10":{"start":{"line":33,"column":0},"end":{"line":33,"column":null}},"11":{"start":{"line":18,"column":13},"end":{"line":18,"column":36}},"12":{"start":{"line":35,"column":0},"end":{"line":35,"column":null}},"13":{"start":{"line":35,"column":40},"end":{"line":35,"column":56}},"14":{"start":{"line":43,"column":4},"end":{"line":43,"column":null}},"15":{"start":{"line":44,"column":4},"end":{"line":44,"column":25}},"16":{"start":{"line":47,"column":2},"end":{"line":52,"column":null}},"17":{"start":{"line":47,"column":2},"end":{"line":47,"column":6}},"18":{"start":{"line":48,"column":4},"end":{"line":48,"column":17}},"19":{"start":{"line":49,"column":4},"end":{"line":51,"column":55}},"20":{"start":{"line":51,"column":17},"end":{"line":51,"column":54}},"21":{"start":{"line":54,"column":2},"end":{"line":67,"column":null}},"22":{"start":{"line":54,"column":2},"end":{"line":54,"column":24}},"23":{"start":{"line":59,"column":4},"end":{"line":66,"column":7}},"24":{"start":{"line":59,"column":35},"end":{"line":66,"column":6}},"25":{"start":{"line":60,"column":7},"end":{"line":60,"column":64}},"26":{"start":{"line":61,"column":6},"end":{"line":65,"column":9}},"27":{"start":{"line":62,"column":8},"end":{"line":64,"column":null}},"28":{"start":{"line":63,"column":10},"end":{"line":63,"column":20}},"29":{"start":{"line":69,"column":2},"end":{"line":76,"column":null}},"30":{"start":{"line":74,"column":4},"end":{"line":74,"column":74}},"31":{"start":{"line":75,"column":4},"end":{"line":75,"column":60}},"32":{"start":{"line":78,"column":2},"end":{"line":241,"column":null}},"33":{"start":{"line":78,"column":2},"end":{"line":78,"column":9}},"34":{"start":{"line":79,"column":28},"end":{"line":79,"column":33}},"35":{"start":{"line":81,"column":4},"end":{"line":81,"column":24}},"36":{"start":{"line":82,"column":4},"end":{"line":82,"column":50}},"37":{"start":{"line":84,"column":4},"end":{"line":84,"column":69}},"38":{"start":{"line":86,"column":4},"end":{"line":108,"column":8}},"39":{"start":{"line":89,"column":8},"end":{"line":107,"column":null}},"40":{"start":{"line":93,"column":12},"end":{"line":105,"column":15}},"41":{"start":{"line":96,"column":14},"end":{"line":104,"column":null}},"42":{"start":{"line":97,"column":16},"end":{"line":97,"column":62}},"43":{"start":{"line":98,"column":16},"end":{"line":98,"column":65}},"44":{"start":{"line":100,"column":16},"end":{"line":103,"column":19}},"45":{"start":{"line":101,"column":18},"end":{"line":101,"column":64}},"46":{"start":{"line":102,"column":18},"end":{"line":102,"column":55}},"47":{"start":{"line":111,"column":4},"end":{"line":132,"column":8}},"48":{"start":{"line":119,"column":8},"end":{"line":131,"column":null}},"49":{"start":{"line":123,"column":12},"end":{"line":129,"column":14}},"50":{"start":{"line":125,"column":16},"end":{"line":128,"column":null}},"51":{"start":{"line":128,"column":30},"end":{"line":128,"column":67}},"52":{"start":{"line":134,"column":4},"end":{"line":137,"column":7}},"53":{"start":{"line":138,"column":4},"end":{"line":142,"column":7}},"54":{"start":{"line":143,"column":4},"end":{"line":146,"column":7}},"55":{"start":{"line":148,"column":4},"end":{"line":153,"column":8}},"56":{"start":{"line":150,"column":26},"end":{"line":150,"column":78}},"57":{"start":{"line":155,"column":4},"end":{"line":155,"column":62}},"58":{"start":{"line":156,"column":35},"end":{"line":156,"column":60}},"59":{"start":{"line":157,"column":4},"end":{"line":164,"column":6}},"60":{"start":{"line":165,"column":4},"end":{"line":170,"column":6}},"61":{"start":{"line":171,"column":4},"end":{"line":175,"column":6}},"62":{"start":{"line":177,"column":31},"end":{"line":179,"column":6}},"63":{"start":{"line":180,"column":4},"end":{"line":192,"column":7}},"64":{"start":{"line":181,"column":33},"end":{"line":181,"column":null}},"65":{"start":{"line":182,"column":31},"end":{"line":182,"column":64}},"66":{"start":{"line":184,"column":6},"end":{"line":187,"column":9}},"67":{"start":{"line":189,"column":6},"end":{"line":191,"column":9}},"68":{"start":{"line":194,"column":40},"end":{"line":194,"column":65}},"69":{"start":{"line":195,"column":4},"end":{"line":208,"column":6}},"70":{"start":{"line":210,"column":4},"end":{"line":210,"column":70}},"71":{"start":{"line":212,"column":4},"end":{"line":216,"column":8}},"72":{"start":{"line":215,"column":8},"end":{"line":215,"column":null}},"73":{"start":{"line":218,"column":4},"end":{"line":222,"column":8}},"74":{"start":{"line":221,"column":8},"end":{"line":221,"column":null}},"75":{"start":{"line":224,"column":4},"end":{"line":224,"column":72}},"76":{"start":{"line":225,"column":4},"end":{"line":228,"column":7}},"77":{"start":{"line":230,"column":4},"end":{"line":234,"column":8}},"78":{"start":{"line":233,"column":8},"end":{"line":233,"column":null}},"79":{"start":{"line":236,"column":4},"end":{"line":240,"column":8}},"80":{"start":{"line":239,"column":8},"end":{"line":239,"column":null}},"81":{"start":{"line":246,"column":8},"end":{"line":261,"column":null}},"82":{"start":{"line":247,"column":4},"end":{"line":247,"column":50}},"83":{"start":{"line":250,"column":6},"end":{"line":252,"column":8}},"84":{"start":{"line":253,"column":6},"end":{"line":253,"column":50}},"85":{"start":{"line":255,"column":6},"end":{"line":255,"column":52}},"86":{"start":{"line":256,"column":6},"end":{"line":256,"column":53}},"87":{"start":{"line":257,"column":6},"end":{"line":257,"column":19}},"88":{"start":{"line":260,"column":4},"end":{"line":260,"column":16}},"89":{"start":{"line":263,"column":2},"end":{"line":270,"column":null}},"90":{"start":{"line":264,"column":4},"end":{"line":264,"column":52}},"91":{"start":{"line":264,"column":45},"end":{"line":264,"column":52}},"92":{"start":{"line":266,"column":4},"end":{"line":268,"column":6}},"93":{"start":{"line":269,"column":4},"end":{"line":269,"column":53}},"94":{"start":{"line":271,"column":0},"end":{"line":271,"column":null}},"95":{"start":{"line":35,"column":13},"end":{"line":35,"column":31}}},"fnMap":{"0":{"name":"(anonymous_0)","decl":{"start":{"line":18,"column":0},"end":{"line":18,"column":13}},"loc":{"start":{"line":18,"column":0},"end":{"line":33,"column":null}}},"1":{"name":"(anonymous_2)","decl":{"start":{"line":35,"column":0},"end":{"line":35,"column":13}},"loc":{"start":{"line":35,"column":0},"end":{"line":271,"column":null}}},"2":{"name":"CitationSettingTab","decl":{"start":{"line":42,"column":2},"end":{"line":42,"column":14}},"loc":{"start":{"line":42,"column":46},"end":{"line":45,"column":3}}},"3":{"name":"(anonymous_4)","decl":{"start":{"line":47,"column":2},"end":{"line":47,"column":6}},"loc":{"start":{"line":47,"column":2},"end":{"line":52,"column":3}}},"4":{"name":"(anonymous_5)","decl":{"start":{"line":51,"column":11},"end":{"line":51,"column":17}},"loc":{"start":{"line":51,"column":11},"end":{"line":51,"column":21}}},"5":{"name":"(anonymous_6)","decl":{"start":{"line":54,"column":2},"end":{"line":54,"column":24}},"loc":{"start":{"line":57,"column":32},"end":{"line":67,"column":3}}},"6":{"name":"(anonymous_7)","decl":{"start":{"line":59,"column":23},"end":{"line":59,"column":30}},"loc":{"start":{"line":59,"column":35},"end":{"line":66,"column":6}}},"7":{"name":"(anonymous_8)","decl":{"start":{"line":59,"column":35},"end":{"line":59,"column":null}},"loc":{"start":{"line":59,"column":35},"end":{"line":66,"column":6}}},"8":{"name":"(anonymous_10)","decl":{"start":{"line":61,"column":38},"end":{"line":61,"column":null}},"loc":{"start":{"line":61,"column":38},"end":{"line":65,"column":7}}},"9":{"name":"(anonymous_11)","decl":{"start":{"line":69,"column":2},"end":{"line":69,"column":17}},"loc":{"start":{"line":72,"column":32},"end":{"line":76,"column":3}}},"10":{"name":"(anonymous_12)","decl":{"start":{"line":78,"column":2},"end":{"line":78,"column":9}},"loc":{"start":{"line":78,"column":2},"end":{"line":241,"column":3}}},"11":{"name":"(anonymous_13)","decl":{"start":{"line":88,"column":19},"end":{"line":88,"column":20}},"loc":{"start":{"line":88,"column":29},"end":{"line":89,"column":12}}},"12":{"name":"(anonymous_14)","decl":{"start":{"line":92,"column":10},"end":{"line":92,"column":11}},"loc":{"start":{"line":92,"column":16},"end":{"line":106,"column":11}}},"13":{"name":"(anonymous_15)","decl":{"start":{"line":95,"column":19},"end":{"line":95,"column":20}},"loc":{"start":{"line":95,"column":27},"end":{"line":105,"column":13}}},"14":{"name":"(anonymous_16)","decl":{"start":{"line":100,"column":55},"end":{"line":100,"column":null}},"loc":{"start":{"line":100,"column":55},"end":{"line":103,"column":17}}},"15":{"name":"(anonymous_17)","decl":{"start":{"line":118,"column":15},"end":{"line":118,"column":16}},"loc":{"start":{"line":118,"column":21},"end":{"line":119,"column":12}}},"16":{"name":"(anonymous_18)","decl":{"start":{"line":122,"column":10},"end":{"line":122,"column":11}},"loc":{"start":{"line":122,"column":16},"end":{"line":130,"column":11}}},"17":{"name":"(anonymous_19)","decl":{"start":{"line":124,"column":14},"end":{"line":124,"column":15}},"loc":{"start":{"line":124,"column":22},"end":{"line":125,"column":23}}},"18":{"name":"(anonymous_20)","decl":{"start":{"line":128,"column":24},"end":{"line":128,"column":30}},"loc":{"start":{"line":128,"column":24},"end":{"line":128,"column":34}}},"19":{"name":"(anonymous_21)","decl":{"start":{"line":150,"column":15},"end":{"line":150,"column":16}},"loc":{"start":{"line":150,"column":21},"end":{"line":150,"column":30}}},"20":{"name":"(anonymous_22)","decl":{"start":{"line":180,"column":47},"end":{"line":180,"column":48}},"loc":{"start":{"line":180,"column":60},"end":{"line":192,"column":5}}},"21":{"name":"(anonymous_23)","decl":{"start":{"line":214,"column":15},"end":{"line":214,"column":16}},"loc":{"start":{"line":214,"column":21},"end":{"line":215,"column":12}}},"22":{"name":"(anonymous_24)","decl":{"start":{"line":220,"column":19},"end":{"line":220,"column":20}},"loc":{"start":{"line":220,"column":25},"end":{"line":221,"column":12}}},"23":{"name":"(anonymous_25)","decl":{"start":{"line":232,"column":15},"end":{"line":232,"column":16}},"loc":{"start":{"line":232,"column":21},"end":{"line":233,"column":12}}},"24":{"name":"(anonymous_26)","decl":{"start":{"line":238,"column":15},"end":{"line":238,"column":16}},"loc":{"start":{"line":238,"column":21},"end":{"line":239,"column":12}}},"25":{"name":"(anonymous_27)","decl":{"start":{"line":246,"column":2},"end":{"line":246,"column":8}},"loc":{"start":{"line":246,"column":48},"end":{"line":261,"column":null}}},"26":{"name":"(anonymous_30)","decl":{"start":{"line":263,"column":2},"end":{"line":263,"column":31}},"loc":{"start":{"line":263,"column":2},"end":{"line":270,"column":3}}}},"branchMap":{"0":{"loc":{"start":{"line":43,"column":4},"end":{"line":43,"column":22}},"type":"binary-expr","locations":[{"start":{"line":43,"column":4},"end":{"line":43,"column":22}},{"start":{"line":43,"column":22},"end":{"line":43,"column":null}}]},"1":{"loc":{"start":{"line":62,"column":8},"end":{"line":64,"column":null}},"type":"if","locations":[{"start":{"line":62,"column":8},"end":{"line":64,"column":null}},{"start":{"line":62,"column":8},"end":{"line":64,"column":null}}]},"2":{"loc":{"start":{"line":96,"column":14},"end":{"line":104,"column":null}},"type":"if","locations":[{"start":{"line":96,"column":14},"end":{"line":104,"column":null}},{"start":{"line":96,"column":14},"end":{"line":104,"column":null}}]},"3":{"loc":{"start":{"line":125,"column":16},"end":{"line":125,"column":23}},"type":"binary-expr","locations":[{"start":{"line":125,"column":16},"end":{"line":125,"column":23}},{"start":{"line":126,"column":16},"end":{"line":128,"column":67}}]},"4":{"loc":{"start":{"line":190,"column":28},"end":{"line":190,"column":47}},"type":"cond-expr","locations":[{"start":{"line":190,"column":28},"end":{"line":190,"column":47}},{"start":{"line":190,"column":50},"end":{"line":190,"column":52}}]},"5":{"loc":{"start":{"line":260,"column":4},"end":{"line":260,"column":16}},"type":"switch","locations":[{"start":{"line":260,"column":4},"end":{"line":260,"column":16}}]},"6":{"loc":{"start":{"line":264,"column":4},"end":{"line":264,"column":52}},"type":"if","locations":[{"start":{"line":264,"column":4},"end":{"line":264,"column":52}},{"start":{"line":264,"column":4},"end":{"line":264,"column":52}}]}},"s":{"0":2,"1":2,"2":2,"3":2,"4":5,"5":5,"6":5,"7":5,"8":5,"9":5,"10":2,"11":2,"12":2,"13":2,"14":0,"15":0,"16":2,"17":0,"18":0,"19":0,"20":0,"21":2,"22":0,"23":0,"24":0,"25":0,"26":0,"27":0,"28":0,"29":2,"30":0,"31":0,"32":2,"33":0,"34":0,"35":0,"36":0,"37":0,"38":0,"39":0,"40":0,"41":0,"42":0,"43":0,"44":0,"45":0,"46":0,"47":0,"48":0,"49":0,"50":0,"51":0,"52":0,"53":0,"54":0,"55":0,"56":0,"57":0,"58":0,"59":0,"60":0,"61":0,"62":0,"63":0,"64":0,"65":0,"66":0,"67":0,"68":0,"69":0,"70":0,"71":0,"72":0,"73":0,"74":0,"75":0,"76":0,"77":0,"78":0,"79":0,"80":0,"81":2,"82":0,"83":0,"84":0,"85":0,"86":0,"87":0,"88":0,"89":2,"90":0,"91":0,"92":0,"93":0,"94":2,"95":2},"f":{"0":7,"1":2,"2":0,"3":0,"4":0,"5":0,"6":0,"7":0,"8":0,"9":0,"10":0,"11":0,"12":0,"13":0,"14":0,"15":0,"16":0,"17":0,"18":0,"19":0,"20":0,"21":0,"22":0,"23":0,"24":0,"25":0,"26":0},"b":{"0":[0,0],"1":[0,0],"2":[0,0],"3":[0,0],"4":[0,0],"5":[0],"6":[0,0]}}
,"/mnt/c/Users/AnatolKhmialeuski/Workspace/obsidian-citation-extended/src/types.ts": {"path":"/mnt/c/Users/AnatolKhmialeuski/Workspace/obsidian-citation-extended/src/types.ts","statementMap":{"0":{"start":{"line":1,"column":0},"end":{"line":1,"column":58}},"1":{"start":{"line":12,"column":22},"end":{"line":12,"column":55}},"2":{"start":{"line":15,"column":13},"end":{"line":37,"column":2}},"3":{"start":{"line":39,"column":0},"end":{"line":39,"column":13}},"4":{"start":{"line":40,"column":21},"end":{"line":40,"column":58}},"5":{"start":{"line":42,"column":2},"end":{"line":44,"column":null}},"6":{"start":{"line":43,"column":4},"end":{"line":43,"column":44}},"7":{"start":{"line":47,"column":0},"end":{"line":47,"column":null}},"8":{"start":{"line":39,"column":13},"end":{"line":39,"column":20}},"9":{"start":{"line":61,"column":2},"end":{"line":87,"column":null}},"10":{"start":{"line":62,"column":4},"end":{"line":62,"column":43}},"11":{"start":{"line":63,"column":9},"end":{"line":87,"column":null}},"12":{"start":{"line":64,"column":48},"end":{"line":71,"column":6}},"13":{"start":{"line":66,"column":8},"end":{"line":69,"column":10}},"14":{"start":{"line":73,"column":19},"end":{"line":75,"column":null}},"15":{"start":{"line":78,"column":4},"end":{"line":84,"column":7}},"16":{"start":{"line":79,"column":6},"end":{"line":83,"column":8}},"17":{"start":{"line":86,"column":4},"end":{"line":86,"column":34}},"18":{"start":{"line":89,"column":2},"end":{"line":89,"column":22}},"19":{"start":{"line":55,"column":0},"end":{"line":55,"column":16}},"20":{"start":{"line":102,"column":0},"end":{"line":102,"column":22}},"21":{"start":{"line":160,"column":2},"end":{"line":164,"column":null}},"22":{"start":{"line":161,"column":4},"end":{"line":163,"column":42}},"23":{"start":{"line":168,"column":2},"end":{"line":172,"column":null}},"24":{"start":{"line":169,"column":4},"end":{"line":171,"column":20}},"25":{"start":{"line":170,"column":20},"end":{"line":170,"column":null}},"26":{"start":{"line":177,"column":2},"end":{"line":179,"column":null}},"27":{"start":{"line":178,"column":4},"end":{"line":178,"column":47}},"28":{"start":{"line":181,"column":2},"end":{"line":200,"column":null}},"29":{"start":{"line":181,"column":2},"end":{"line":181,"column":8}},"30":{"start":{"line":182,"column":45},"end":{"line":182,"column":68}},"31":{"start":{"line":185,"column":18},"end":{"line":185,"column":45}},"32":{"start":{"line":186,"column":4},"end":{"line":197,"column":9}},"33":{"start":{"line":187,"column":28},"end":{"line":187,"column":29}},"34":{"start":{"line":187,"column":34},"end":{"line":187,"column":70}},"35":{"start":{"line":188,"column":20},"end":{"line":188,"column":22}},"36":{"start":{"line":188,"column":32},"end":{"line":188,"column":33}},"37":{"start":{"line":189,"column":8},"end":{"line":196,"column":null}},"38":{"start":{"line":190,"column":10},"end":{"line":195,"column":null}},"39":{"start":{"line":191,"column":25},"end":{"line":191,"column":49}},"40":{"start":{"line":192,"column":12},"end":{"line":192,"column":31}},"41":{"start":{"line":194,"column":12},"end":{"line":194,"column":19}},"42":{"start":{"line":199,"column":4},"end":{"line":199,"column":19}},"43":{"start":{"line":201,"column":0},"end":{"line":201,"column":null}},"44":{"start":{"line":102,"column":22},"end":{"line":102,"column":27}},"45":{"start":{"line":226,"column":0},"end":{"line":226,"column":null}},"46":{"start":{"line":226,"column":37},"end":{"line":226,"column":42}},"47":{"start":{"line":228,"column":4},"end":{"line":228,"column":null}},"48":{"start":{"line":227,"column":22},"end":{"line":227,"column":40}},"49":{"start":{"line":231,"column":2},"end":{"line":231,"column":24}},"50":{"start":{"line":232,"column":2},"end":{"line":232,"column":28}},"51":{"start":{"line":233,"column":2},"end":{"line":233,"column":25}},"52":{"start":{"line":235,"column":2},"end":{"line":237,"column":null}},"53":{"start":{"line":236,"column":4},"end":{"line":236,"column":24}},"54":{"start":{"line":238,"column":2},"end":{"line":240,"column":null}},"55":{"start":{"line":239,"column":4},"end":{"line":239,"column":26}},"56":{"start":{"line":242,"column":2},"end":{"line":244,"column":null}},"57":{"start":{"line":243,"column":4},"end":{"line":243,"column":30}},"58":{"start":{"line":245,"column":2},"end":{"line":247,"column":null}},"59":{"start":{"line":246,"column":4},"end":{"line":246,"column":28}},"60":{"start":{"line":249,"column":2},"end":{"line":253,"column":null}},"61":{"start":{"line":250,"column":4},"end":{"line":252,"column":13}},"62":{"start":{"line":251,"column":36},"end":{"line":251,"column":61}},"63":{"start":{"line":255,"column":2},"end":{"line":257,"column":null}},"64":{"start":{"line":256,"column":4},"end":{"line":256,"column":40}},"65":{"start":{"line":259,"column":2},"end":{"line":261,"column":null}},"66":{"start":{"line":260,"column":4},"end":{"line":260,"column":25}},"67":{"start":{"line":263,"column":2},"end":{"line":265,"column":null}},"68":{"start":{"line":264,"column":4},"end":{"line":264,"column":36}},"69":{"start":{"line":267,"column":2},"end":{"line":269,"column":null}},"70":{"start":{"line":268,"column":4},"end":{"line":268,"column":30}},"71":{"start":{"line":271,"column":2},"end":{"line":273,"column":null}},"72":{"start":{"line":272,"column":4},"end":{"line":272,"column":28}},"73":{"start":{"line":275,"column":2},"end":{"line":287,"column":null}},"74":{"start":{"line":276,"column":4},"end":{"line":283,"column":18}},"75":{"start":{"line":283,"column":6},"end":{"line":283,"column":18}},"76":{"start":{"line":285,"column":31},"end":{"line":285,"column":64}},"77":{"start":{"line":285,"column":15},"end":{"line":285,"column":17}},"78":{"start":{"line":285,"column":22},"end":{"line":285,"column":24}},"79":{"start":{"line":285,"column":27},"end":{"line":285,"column":31}},"80":{"start":{"line":286,"column":4},"end":{"line":286,"column":64}},"81":{"start":{"line":289,"column":2},"end":{"line":291,"column":null}},"82":{"start":{"line":290,"column":4},"end":{"line":290,"column":26}},"83":{"start":{"line":293,"column":2},"end":{"line":295,"column":null}},"84":{"start":{"line":294,"column":4},"end":{"line":294,"column":31}},"85":{"start":{"line":297,"column":2},"end":{"line":299,"column":null}},"86":{"start":{"line":298,"column":4},"end":{"line":298,"column":40}},"87":{"start":{"line":301,"column":2},"end":{"line":303,"column":null}},"88":{"start":{"line":302,"column":4},"end":{"line":302,"column":27}},"89":{"start":{"line":305,"column":2},"end":{"line":307,"column":null}},"90":{"start":{"line":306,"column":4},"end":{"line":306,"column":36}},"91":{"start":{"line":309,"column":2},"end":{"line":311,"column":null}},"92":{"start":{"line":310,"column":4},"end":{"line":310,"column":25}},"93":{"start":{"line":312,"column":0},"end":{"line":312,"column":null}},"94":{"start":{"line":226,"column":13},"end":{"line":226,"column":28}},"95":{"start":{"line":314,"column":58},"end":{"line":334,"column":2}},"96":{"start":{"line":338,"column":47},"end":{"line":357,"column":2}},"97":{"start":{"line":359,"column":0},"end":{"line":359,"column":null}},"98":{"start":{"line":359,"column":42},"end":{"line":359,"column":47}},"99":{"start":{"line":381,"column":4},"end":{"line":381,"column":null}},"100":{"start":{"line":380,"column":22},"end":{"line":380,"column":45}},"101":{"start":{"line":383,"column":4},"end":{"line":395,"column":6}},"102":{"start":{"line":385,"column":27},"end":{"line":385,"column":31}},"103":{"start":{"line":386,"column":8},"end":{"line":393,"column":null}},"104":{"start":{"line":387,"column":20},"end":{"line":387,"column":41}},"105":{"start":{"line":388,"column":10},"end":{"line":390,"column":null}},"106":{"start":{"line":389,"column":12},"end":{"line":389,"column":36}},"107":{"start":{"line":392,"column":11},"end":{"line":392,"column":42}},"108":{"start":{"line":398,"column":2},"end":{"line":400,"column":null}},"109":{"start":{"line":399,"column":4},"end":{"line":399,"column":25}},"110":{"start":{"line":401,"column":2},"end":{"line":403,"column":null}},"111":{"start":{"line":402,"column":4},"end":{"line":402,"column":26}},"112":{"start":{"line":405,"column":2},"end":{"line":417,"column":null}},"113":{"start":{"line":408,"column":24},"end":{"line":408,"column":26}},"114":{"start":{"line":409,"column":4},"end":{"line":411,"column":null}},"115":{"start":{"line":410,"column":6},"end":{"line":410,"column":75}},"116":{"start":{"line":410,"column":60},"end":{"line":410,"column":73}},"117":{"start":{"line":412,"column":4},"end":{"line":414,"column":null}},"118":{"start":{"line":413,"column":6},"end":{"line":413,"column":76}},"119":{"start":{"line":413,"column":61},"end":{"line":413,"column":74}},"120":{"start":{"line":416,"column":4},"end":{"line":416,"column":15}},"121":{"start":{"line":419,"column":2},"end":{"line":431,"column":null}},"122":{"start":{"line":420,"column":4},"end":{"line":430,"column":null}},"123":{"start":{"line":421,"column":20},"end":{"line":426,"column":8}},"124":{"start":{"line":422,"column":8},"end":{"line":422,"column":46}},"125":{"start":{"line":422,"column":26},"end":{"line":422,"column":46}},"126":{"start":{"line":423,"column":22},"end":{"line":423,"column":79}},"127":{"start":{"line":425,"column":8},"end":{"line":425,"column":48}},"128":{"start":{"line":425,"column":35},"end":{"line":425,"column":37}},"129":{"start":{"line":427,"column":6},"end":{"line":427,"column":30}},"130":{"start":{"line":429,"column":6},"end":{"line":429,"column":49}},"131":{"start":{"line":433,"column":2},"end":{"line":445,"column":null}},"132":{"start":{"line":434,"column":4},"end":{"line":444,"column":null}},"133":{"start":{"line":435,"column":6},"end":{"line":435,"column":34}},"134":{"start":{"line":436,"column":11},"end":{"line":444,"column":null}},"135":{"start":{"line":437,"column":21},"end":{"line":439,"column":12}},"136":{"start":{"line":440,"column":21},"end":{"line":442,"column":12}},"137":{"start":{"line":443,"column":6},"end":{"line":443,"column":60}},"138":{"start":{"line":447,"column":2},"end":{"line":449,"column":null}},"139":{"start":{"line":448,"column":4},"end":{"line":448,"column":54}},"140":{"start":{"line":451,"column":2},"end":{"line":456,"column":null}},"141":{"start":{"line":452,"column":4},"end":{"line":455,"column":8}},"142":{"start":{"line":452,"column":49},"end":{"line":455,"column":8}},"143":{"start":{"line":457,"column":0},"end":{"line":457,"column":null}},"144":{"start":{"line":359,"column":13},"end":{"line":359,"column":33}}},"fnMap":{"0":{"name":"(anonymous_0)","decl":{"start":{"line":39,"column":0},"end":{"line":39,"column":13}},"loc":{"start":{"line":39,"column":0},"end":{"line":47,"column":null}}},"1":{"name":"Library","decl":{"start":{"line":40,"column":2},"end":{"line":40,"column":21}},"loc":{"start":{"line":40,"column":58},"end":{"line":40,"column":63}}},"2":{"name":"(anonymous_2)","decl":{"start":{"line":42,"column":2},"end":{"line":42,"column":6}},"loc":{"start":{"line":42,"column":2},"end":{"line":44,"column":3}}},"3":{"name":"loadEntries","decl":{"start":{"line":55,"column":16},"end":{"line":55,"column":27}},"loc":{"start":{"line":57,"column":28},"end":{"line":90,"column":1}}},"4":{"name":"(anonymous_4)","decl":{"start":{"line":65,"column":20},"end":{"line":65,"column":21}},"loc":{"start":{"line":65,"column":24},"end":{"line":70,"column":7}}},"5":{"name":"(anonymous_5)","decl":{"start":{"line":78,"column":26},"end":{"line":78,"column":27}},"loc":{"start":{"line":78,"column":32},"end":{"line":84,"column":5}}},"6":{"name":"(anonymous_6)","decl":{"start":{"line":102,"column":0},"end":{"line":102,"column":22}},"loc":{"start":{"line":102,"column":0},"end":{"line":201,"column":null}}},"7":{"name":"(anonymous_8)","decl":{"start":{"line":160,"column":2},"end":{"line":160,"column":13}},"loc":{"start":{"line":160,"column":2},"end":{"line":164,"column":3}}},"8":{"name":"(anonymous_9)","decl":{"start":{"line":168,"column":2},"end":{"line":168,"column":13}},"loc":{"start":{"line":168,"column":2},"end":{"line":172,"column":3}}},"9":{"name":"(anonymous_10)","decl":{"start":{"line":170,"column":12},"end":{"line":170,"column":13}},"loc":{"start":{"line":170,"column":15},"end":{"line":170,"column":22}}},"10":{"name":"(anonymous_11)","decl":{"start":{"line":177,"column":2},"end":{"line":177,"column":13}},"loc":{"start":{"line":177,"column":2},"end":{"line":179,"column":3}}},"11":{"name":"(anonymous_12)","decl":{"start":{"line":181,"column":2},"end":{"line":181,"column":8}},"loc":{"start":{"line":181,"column":2},"end":{"line":200,"column":3}}},"12":{"name":"(anonymous_13)","decl":{"start":{"line":187,"column":14},"end":{"line":187,"column":15}},"loc":{"start":{"line":187,"column":29},"end":{"line":187,"column":41}}},"13":{"name":"(anonymous_14)","decl":{"start":{"line":188,"column":15},"end":{"line":188,"column":16}},"loc":{"start":{"line":188,"column":33},"end":{"line":197,"column":7}}},"14":{"name":"(anonymous_15)","decl":{"start":{"line":226,"column":0},"end":{"line":226,"column":13}},"loc":{"start":{"line":226,"column":0},"end":{"line":312,"column":null}}},"15":{"name":"EntryCSLAdapter","decl":{"start":{"line":227,"column":2},"end":{"line":227,"column":22}},"loc":{"start":{"line":227,"column":40},"end":{"line":229,"column":3}}},"16":{"name":"(anonymous_17)","decl":{"start":{"line":235,"column":2},"end":{"line":235,"column":6}},"loc":{"start":{"line":235,"column":2},"end":{"line":237,"column":3}}},"17":{"name":"(anonymous_18)","decl":{"start":{"line":238,"column":2},"end":{"line":238,"column":6}},"loc":{"start":{"line":238,"column":2},"end":{"line":240,"column":3}}},"18":{"name":"(anonymous_19)","decl":{"start":{"line":242,"column":2},"end":{"line":242,"column":6}},"loc":{"start":{"line":242,"column":2},"end":{"line":244,"column":3}}},"19":{"name":"(anonymous_20)","decl":{"start":{"line":245,"column":2},"end":{"line":245,"column":6}},"loc":{"start":{"line":245,"column":2},"end":{"line":247,"column":3}}},"20":{"name":"(anonymous_21)","decl":{"start":{"line":249,"column":2},"end":{"line":249,"column":6}},"loc":{"start":{"line":249,"column":2},"end":{"line":253,"column":3}}},"21":{"name":"(anonymous_22)","decl":{"start":{"line":251,"column":29},"end":{"line":251,"column":30}},"loc":{"start":{"line":251,"column":31},"end":{"line":251,"column":39}}},"22":{"name":"(anonymous_23)","decl":{"start":{"line":255,"column":2},"end":{"line":255,"column":6}},"loc":{"start":{"line":255,"column":2},"end":{"line":257,"column":3}}},"23":{"name":"(anonymous_24)","decl":{"start":{"line":259,"column":2},"end":{"line":259,"column":6}},"loc":{"start":{"line":259,"column":2},"end":{"line":261,"column":3}}},"24":{"name":"(anonymous_25)","decl":{"start":{"line":263,"column":2},"end":{"line":263,"column":6}},"loc":{"start":{"line":263,"column":2},"end":{"line":265,"column":3}}},"25":{"name":"(anonymous_26)","decl":{"start":{"line":267,"column":2},"end":{"line":267,"column":6}},"loc":{"start":{"line":267,"column":2},"end":{"line":269,"column":3}}},"26":{"name":"(anonymous_27)","decl":{"start":{"line":271,"column":2},"end":{"line":271,"column":6}},"loc":{"start":{"line":271,"column":2},"end":{"line":273,"column":3}}},"27":{"name":"(anonymous_28)","decl":{"start":{"line":275,"column":2},"end":{"line":275,"column":6}},"loc":{"start":{"line":275,"column":2},"end":{"line":287,"column":3}}},"28":{"name":"(anonymous_29)","decl":{"start":{"line":289,"column":2},"end":{"line":289,"column":6}},"loc":{"start":{"line":289,"column":2},"end":{"line":291,"column":3}}},"29":{"name":"(anonymous_30)","decl":{"start":{"line":293,"column":2},"end":{"line":293,"column":6}},"loc":{"start":{"line":293,"column":2},"end":{"line":295,"column":3}}},"30":{"name":"(anonymous_31)","decl":{"start":{"line":297,"column":2},"end":{"line":297,"column":6}},"loc":{"start":{"line":297,"column":2},"end":{"line":299,"column":3}}},"31":{"name":"(anonymous_32)","decl":{"start":{"line":301,"column":2},"end":{"line":301,"column":6}},"loc":{"start":{"line":301,"column":2},"end":{"line":303,"column":3}}},"32":{"name":"(anonymous_33)","decl":{"start":{"line":305,"column":2},"end":{"line":305,"column":6}},"loc":{"start":{"line":305,"column":2},"end":{"line":307,"column":3}}},"33":{"name":"(anonymous_34)","decl":{"start":{"line":309,"column":2},"end":{"line":309,"column":6}},"loc":{"start":{"line":309,"column":2},"end":{"line":311,"column":3}}},"34":{"name":"(anonymous_35)","decl":{"start":{"line":359,"column":0},"end":{"line":359,"column":13}},"loc":{"start":{"line":359,"column":0},"end":{"line":457,"column":null}}},"35":{"name":"EntryBibLaTeXAdapter","decl":{"start":{"line":380,"column":2},"end":{"line":380,"column":22}},"loc":{"start":{"line":380,"column":45},"end":{"line":396,"column":3}}},"36":{"name":"(anonymous_37)","decl":{"start":{"line":384,"column":6},"end":{"line":384,"column":7}},"loc":{"start":{"line":384,"column":28},"end":{"line":394,"column":7}}},"37":{"name":"(anonymous_38)","decl":{"start":{"line":398,"column":2},"end":{"line":398,"column":6}},"loc":{"start":{"line":398,"column":2},"end":{"line":400,"column":3}}},"38":{"name":"(anonymous_39)","decl":{"start":{"line":401,"column":2},"end":{"line":401,"column":6}},"loc":{"start":{"line":401,"column":2},"end":{"line":403,"column":3}}},"39":{"name":"(anonymous_40)","decl":{"start":{"line":405,"column":2},"end":{"line":405,"column":6}},"loc":{"start":{"line":405,"column":2},"end":{"line":417,"column":3}}},"40":{"name":"(anonymous_41)","decl":{"start":{"line":410,"column":53},"end":{"line":410,"column":54}},"loc":{"start":{"line":410,"column":55},"end":{"line":410,"column":61}}},"41":{"name":"(anonymous_42)","decl":{"start":{"line":413,"column":54},"end":{"line":413,"column":55}},"loc":{"start":{"line":413,"column":56},"end":{"line":413,"column":62}}},"42":{"name":"(anonymous_43)","decl":{"start":{"line":419,"column":2},"end":{"line":419,"column":6}},"loc":{"start":{"line":419,"column":2},"end":{"line":431,"column":3}}},"43":{"name":"(anonymous_44)","decl":{"start":{"line":421,"column":50},"end":{"line":421,"column":51}},"loc":{"start":{"line":421,"column":55},"end":{"line":426,"column":7}}},"44":{"name":"(anonymous_45)","decl":{"start":{"line":425,"column":28},"end":{"line":425,"column":29}},"loc":{"start":{"line":425,"column":30},"end":{"line":425,"column":36}}},"45":{"name":"(anonymous_46)","decl":{"start":{"line":433,"column":2},"end":{"line":433,"column":6}},"loc":{"start":{"line":433,"column":2},"end":{"line":445,"column":3}}},"46":{"name":"(anonymous_47)","decl":{"start":{"line":447,"column":2},"end":{"line":447,"column":6}},"loc":{"start":{"line":447,"column":2},"end":{"line":449,"column":3}}},"47":{"name":"(anonymous_48)","decl":{"start":{"line":451,"column":2},"end":{"line":451,"column":6}},"loc":{"start":{"line":451,"column":2},"end":{"line":456,"column":3}}},"48":{"name":"(anonymous_49)","decl":{"start":{"line":452,"column":42},"end":{"line":452,"column":43}},"loc":{"start":{"line":452,"column":44},"end":{"line":452,"column":50}}}},"branchMap":{"0":{"loc":{"start":{"line":61,"column":2},"end":{"line":87,"column":null}},"type":"if","locations":[{"start":{"line":61,"column":2},"end":{"line":87,"column":null}},{"start":{"line":61,"column":2},"end":{"line":87,"column":null}}]},"1":{"loc":{"start":{"line":63,"column":9},"end":{"line":87,"column":null}},"type":"if","locations":[{"start":{"line":63,"column":9},"end":{"line":87,"column":null}},{"start":{"line":63,"column":9},"end":{"line":87,"column":null}}]},"2":{"loc":{"start":{"line":162,"column":8},"end":{"line":162,"column":28}},"type":"cond-expr","locations":[{"start":{"line":162,"column":8},"end":{"line":162,"column":28}},{"start":{"line":163,"column":7},"end":{"line":163,"column":41}}]},"3":{"loc":{"start":{"line":163,"column":23},"end":{"line":163,"column":25}},"type":"cond-expr","locations":[{"start":{"line":163,"column":23},"end":{"line":163,"column":25}},{"start":{"line":163,"column":23},"end":{"line":163,"column":41}}]},"4":{"loc":{"start":{"line":163,"column":7},"end":{"line":163,"column":25}},"type":"binary-expr","locations":[{"start":{"line":163,"column":7},"end":{"line":163,"column":25}},{"start":{"line":163,"column":23},"end":{"line":163,"column":25}}]},"5":{"loc":{"start":{"line":169,"column":21},"end":{"line":169,"column":null}},"type":"cond-expr","locations":[{"start":{"line":169,"column":21},"end":{"line":169,"column":null}},{"start":{"line":169,"column":21},"end":{"line":171,"column":20}}]},"6":{"loc":{"start":{"line":169,"column":4},"end":{"line":169,"column":null}},"type":"binary-expr","locations":[{"start":{"line":169,"column":4},"end":{"line":169,"column":null}},{"start":{"line":169,"column":21},"end":{"line":169,"column":null}}]},"7":{"loc":{"start":{"line":189,"column":8},"end":{"line":196,"column":null}},"type":"if","locations":[{"start":{"line":189,"column":8},"end":{"line":196,"column":null}},{"start":{"line":189,"column":8},"end":{"line":196,"column":null}}]},"8":{"loc":{"start":{"line":189,"column":12},"end":{"line":189,"column":22}},"type":"binary-expr","locations":[{"start":{"line":189,"column":12},"end":{"line":189,"column":22}},{"start":{"line":189,"column":26},"end":{"line":189,"column":40}}]},"9":{"loc":{"start":{"line":228,"column":4},"end":{"line":228,"column":11}},"type":"binary-expr","locations":[{"start":{"line":228,"column":4},"end":{"line":228,"column":11}},{"start":{"line":228,"column":11},"end":{"line":228,"column":null}}]},"10":{"loc":{"start":{"line":251,"column":8},"end":{"line":251,"column":72}},"type":"cond-expr","locations":[{"start":{"line":251,"column":8},"end":{"line":251,"column":72}},{"start":{"line":252,"column":8},"end":{"line":252,"column":12}}]},"11":{"loc":{"start":{"line":276,"column":4},"end":{"line":283,"column":18}},"type":"if","locations":[{"start":{"line":276,"column":4},"end":{"line":283,"column":18}},{"start":{"line":276,"column":4},"end":{"line":283,"column":18}}]},"12":{"loc":{"start":{"line":278,"column":8},"end":{"line":278,"column":24}},"type":"binary-expr","locations":[{"start":{"line":278,"column":8},"end":{"line":278,"column":24}},{"start":{"line":279,"column":8},"end":{"line":279,"column":38}},{"start":{"line":280,"column":8},"end":{"line":280,"column":52}}]},"13":{"loc":{"start":{"line":286,"column":36},"end":{"line":286,"column":41}},"type":"binary-expr","locations":[{"start":{"line":286,"column":36},"end":{"line":286,"column":41}},{"start":{"line":286,"column":45},"end":{"line":286,"column":46}}]},"14":{"loc":{"start":{"line":286,"column":53},"end":{"line":286,"column":56}},"type":"binary-expr","locations":[{"start":{"line":286,"column":53},"end":{"line":286,"column":56}},{"start":{"line":286,"column":60},"end":{"line":286,"column":61}}]},"15":{"loc":{"start":{"line":381,"column":4},"end":{"line":381,"column":11}},"type":"binary-expr","locations":[{"start":{"line":381,"column":4},"end":{"line":381,"column":11}},{"start":{"line":381,"column":11},"end":{"line":381,"column":null}}]},"16":{"loc":{"start":{"line":386,"column":8},"end":{"line":393,"column":null}},"type":"if","locations":[{"start":{"line":386,"column":8},"end":{"line":393,"column":null}},{"start":{"line":386,"column":8},"end":{"line":393,"column":null}}]},"17":{"loc":{"start":{"line":388,"column":10},"end":{"line":390,"column":null}},"type":"if","locations":[{"start":{"line":388,"column":10},"end":{"line":390,"column":null}},{"start":{"line":388,"column":10},"end":{"line":390,"column":null}}]},"18":{"loc":{"start":{"line":409,"column":4},"end":{"line":411,"column":null}},"type":"if","locations":[{"start":{"line":409,"column":4},"end":{"line":411,"column":null}},{"start":{"line":409,"column":4},"end":{"line":411,"column":null}}]},"19":{"loc":{"start":{"line":412,"column":4},"end":{"line":414,"column":null}},"type":"if","locations":[{"start":{"line":412,"column":4},"end":{"line":414,"column":null}},{"start":{"line":412,"column":4},"end":{"line":414,"column":null}}]},"20":{"loc":{"start":{"line":420,"column":4},"end":{"line":430,"column":null}},"type":"if","locations":[{"start":{"line":420,"column":4},"end":{"line":430,"column":null}},{"start":{"line":420,"column":4},"end":{"line":430,"column":null}}]},"21":{"loc":{"start":{"line":422,"column":8},"end":{"line":422,"column":46}},"type":"if","locations":[{"start":{"line":422,"column":8},"end":{"line":422,"column":46}},{"start":{"line":422,"column":8},"end":{"line":422,"column":46}}]},"22":{"loc":{"start":{"line":429,"column":36},"end":{"line":429,"column":38}},"type":"cond-expr","locations":[{"start":{"line":429,"column":36},"end":{"line":429,"column":38}},{"start":{"line":429,"column":36},"end":{"line":429,"column":49}}]},"23":{"loc":{"start":{"line":429,"column":6},"end":{"line":429,"column":38}},"type":"binary-expr","locations":[{"start":{"line":429,"column":6},"end":{"line":429,"column":38}},{"start":{"line":429,"column":36},"end":{"line":429,"column":38}}]},"24":{"loc":{"start":{"line":434,"column":4},"end":{"line":444,"column":null}},"type":"if","locations":[{"start":{"line":434,"column":4},"end":{"line":444,"column":null}},{"start":{"line":434,"column":4},"end":{"line":444,"column":null}}]},"25":{"loc":{"start":{"line":436,"column":11},"end":{"line":444,"column":null}},"type":"if","locations":[{"start":{"line":436,"column":11},"end":{"line":444,"column":null}},{"start":{"line":436,"column":11},"end":{"line":444,"column":null}}]},"26":{"loc":{"start":{"line":438,"column":13},"end":{"line":438,"column":43}},"type":"cond-expr","locations":[{"start":{"line":438,"column":13},"end":{"line":438,"column":43}},{"start":{"line":439,"column":10},"end":{"line":439,"column":12}}]},"27":{"loc":{"start":{"line":441,"column":10},"end":{"line":441,"column":47}},"type":"cond-expr","locations":[{"start":{"line":441,"column":10},"end":{"line":441,"column":47}},{"start":{"line":442,"column":10},"end":{"line":442,"column":12}}]},"28":{"loc":{"start":{"line":448,"column":25},"end":{"line":448,"column":46}},"type":"cond-expr","locations":[{"start":{"line":448,"column":25},"end":{"line":448,"column":46}},{"start":{"line":448,"column":49},"end":{"line":448,"column":53}}]},"29":{"loc":{"start":{"line":452,"column":36},"end":{"line":452,"column":38}},"type":"cond-expr","locations":[{"start":{"line":452,"column":36},"end":{"line":452,"column":38}},{"start":{"line":452,"column":36},"end":{"line":455,"column":8}}]},"30":{"loc":{"start":{"line":452,"column":4},"end":{"line":452,"column":38}},"type":"binary-expr","locations":[{"start":{"line":452,"column":4},"end":{"line":452,"column":38}},{"start":{"line":452,"column":36},"end":{"line":452,"column":38}}]}},"s":{"0":3,"1":3,"2":3,"3":3,"4":5,"5":3,"6":0,"7":3,"8":3,"9":8,"10":3,"11":5,"12":5,"13":1,"14":5,"15":5,"16":1,"17":5,"18":8,"19":3,"20":3,"21":3,"22":10,"23":3,"24":10,"25":1,"26":3,"27":10,"28":3,"29":10,"30":10,"31":10,"32":10,"33":130,"34":130,"35":120,"36":120,"37":120,"38":120,"39":120,"40":120,"41":0,"42":10,"43":3,"44":3,"45":3,"46":3,"47":10,"48":10,"49":10,"50":10,"51":10,"52":3,"53":15,"54":3,"55":10,"56":3,"57":10,"58":3,"59":5,"60":3,"61":10,"62":18,"63":3,"64":10,"65":3,"66":10,"67":3,"68":10,"69":3,"70":10,"71":3,"72":10,"73":3,"74":10,"75":0,"76":10,"77":10,"78":10,"79":10,"80":10,"81":3,"82":10,"83":3,"84":10,"85":3,"86":10,"87":3,"88":10,"89":3,"90":10,"91":3,"92":10,"93":3,"94":3,"95":3,"96":3,"97":3,"98":3,"99":11,"100":11,"101":11,"102":418,"103":209,"104":80,"105":80,"106":72,"107":80,"108":3,"109":15,"110":3,"111":10,"112":3,"113":5,"114":5,"115":5,"116":5,"117":5,"118":0,"119":0,"120":5,"121":3,"122":10,"123":8,"124":18,"125":0,"126":18,"127":18,"128":72,"129":8,"130":2,"131":3,"132":10,"133":4,"134":6,"135":2,"136":2,"137":2,"138":3,"139":9,"140":3,"141":5,"142":9,"143":3,"144":3},"f":{"0":3,"1":5,"2":0,"3":8,"4":1,"5":1,"6":24,"7":10,"8":10,"9":1,"10":10,"11":10,"12":130,"13":120,"14":3,"15":10,"16":15,"17":10,"18":10,"19":5,"20":10,"21":18,"22":10,"23":10,"24":10,"25":10,"26":10,"27":10,"28":10,"29":10,"30":10,"31":10,"32":10,"33":10,"34":3,"35":11,"36":209,"37":15,"38":10,"39":5,"40":5,"41":0,"42":10,"43":18,"44":72,"45":10,"46":9,"47":5,"48":9},"b":{"0":[3,5],"1":[5,0],"2":[1,9],"3":[0,9],"4":[9,9],"5":[9,1],"6":[10,10],"7":[120,0],"8":[120,120],"9":[10,10],"10":[8,2],"11":[0,10],"12":[10,10,10],"13":[10,6],"14":[10,6],"15":[11,11],"16":[80,129],"17":[72,8],"18":[5,0],"19":[0,5],"20":[8,2],"21":[0,18],"22":[2,0],"23":[2,2],"24":[4,6],"25":[2,4],"26":[2,0],"27":[2,0],"28":[8,1],"29":[1,4],"30":[5,5]}}
,"/mnt/c/Users/AnatolKhmialeuski/Workspace/obsidian-citation-extended/src/util.ts": {"path":"/mnt/c/Users/AnatolKhmialeuski/Workspace/obsidian-citation-extended/src/util.ts","statementMap":{"0":{"start":{"line":1,"column":0},"end":{"line":1,"column":34}},"1":{"start":{"line":3,"column":0},"end":{"line":3,"column":43}},"2":{"start":{"line":5,"column":0},"end":{"line":5,"column":50}},"3":{"start":{"line":7,"column":13},"end":{"line":7,"column":65}},"4":{"start":{"line":13,"column":0},"end":{"line":13,"column":13}},"5":{"start":{"line":19,"column":21},"end":{"line":19,"column":43}},"6":{"start":{"line":17,"column":10},"end":{"line":17,"column":30}},"7":{"start":{"line":21,"column":2},"end":{"line":23,"column":null}},"8":{"start":{"line":22,"column":4},"end":{"line":22,"column":16}},"9":{"start":{"line":28,"column":2},"end":{"line":57,"column":null}},"10":{"start":{"line":28,"column":2},"end":{"line":28,"column":6}},"11":{"start":{"line":29,"column":4},"end":{"line":29,"column":45}},"12":{"start":{"line":30,"column":4},"end":{"line":33,"column":null}},"13":{"start":{"line":31,"column":6},"end":{"line":31,"column":76}},"14":{"start":{"line":32,"column":6},"end":{"line":32,"column":19}},"15":{"start":{"line":34,"column":4},"end":{"line":34,"column":41}},"16":{"start":{"line":34,"column":28},"end":{"line":34,"column":41}},"17":{"start":{"line":36,"column":4},"end":{"line":36,"column":58}},"18":{"start":{"line":39,"column":4},"end":{"line":39,"column":40}},"19":{"start":{"line":40,"column":4},"end":{"line":53,"column":7}},"20":{"start":{"line":41,"column":29},"end":{"line":47,"column":8}},"21":{"start":{"line":42,"column":19},"end":{"line":42,"column":47}},"22":{"start":{"line":43,"column":8},"end":{"line":46,"column":10}},"23":{"start":{"line":48,"column":6},"end":{"line":52,"column":null}},"24":{"start":{"line":49,"column":8},"end":{"line":49,"column":34}},"25":{"start":{"line":50,"column":8},"end":{"line":50,"column":30}},"26":{"start":{"line":51,"column":8},"end":{"line":51,"column":37}},"27":{"start":{"line":54,"column":4},"end":{"line":56,"column":7}},"28":{"start":{"line":59,"column":2},"end":{"line":65,"column":null}},"29":{"start":{"line":60,"column":4},"end":{"line":60,"column":31}},"30":{"start":{"line":61,"column":4},"end":{"line":61,"column":40}},"31":{"start":{"line":63,"column":4},"end":{"line":63,"column":30}},"32":{"start":{"line":64,"column":4},"end":{"line":64,"column":33}},"33":{"start":{"line":67,"column":2},"end":{"line":70,"column":null}},"34":{"start":{"line":68,"column":4},"end":{"line":68,"column":16}},"35":{"start":{"line":69,"column":4},"end":{"line":69,"column":28}},"36":{"start":{"line":14,"column":9},"end":{"line":14,"column":49}},"37":{"start":{"line":71,"column":0},"end":{"line":71,"column":null}},"38":{"start":{"line":13,"column":13},"end":{"line":13,"column":21}},"39":{"start":{"line":77,"column":0},"end":{"line":77,"column":13}},"40":{"start":{"line":88,"column":22},"end":{"line":88,"column":37}},"41":{"start":{"line":78,"column":10},"end":{"line":78,"column":51}},"42":{"start":{"line":86,"column":2},"end":{"line":86,"column":18}},"43":{"start":{"line":89,"column":4},"end":{"line":89,"column":66}},"44":{"start":{"line":92,"column":2},"end":{"line":99,"column":null}},"45":{"start":{"line":93,"column":4},"end":{"line":98,"column":null}},"46":{"start":{"line":94,"column":6},"end":{"line":94,"column":31}},"47":{"start":{"line":95,"column":6},"end":{"line":95,"column":26}},"48":{"start":{"line":97,"column":6},"end":{"line":97,"column":25}},"49":{"start":{"line":107,"column":8},"end":{"line":123,"column":null}},"50":{"start":{"line":108,"column":4},"end":{"line":110,"column":null}},"51":{"start":{"line":109,"column":6},"end":{"line":109,"column":39}},"52":{"start":{"line":112,"column":4},"end":{"line":112,"column":24}},"53":{"start":{"line":113,"column":4},"end":{"line":122,"column":6}},"54":{"start":{"line":115,"column":8},"end":{"line":115,"column":29}},"55":{"start":{"line":116,"column":8},"end":{"line":116,"column":22}},"56":{"start":{"line":119,"column":8},"end":{"line":119,"column":29}},"57":{"start":{"line":120,"column":8},"end":{"line":120,"column":20}},"58":{"start":{"line":124,"column":0},"end":{"line":124,"column":null}},"59":{"start":{"line":77,"column":13},"end":{"line":77,"column":26}},"60":{"start":{"line":126,"column":0},"end":{"line":126,"column":null}},"61":{"start":{"line":126,"column":42},"end":{"line":126,"column":47}},"62":{"start":{"line":128,"column":4},"end":{"line":128,"column":null}},"63":{"start":{"line":129,"column":4},"end":{"line":129,"column":64}},"64":{"start":{"line":131,"column":0},"end":{"line":131,"column":null}},"65":{"start":{"line":126,"column":13},"end":{"line":126,"column":33}},"66":{"start":{"line":142,"column":58},"end":{"line":144,"column":2}}},"fnMap":{"0":{"name":"(anonymous_0)","decl":{"start":{"line":13,"column":0},"end":{"line":13,"column":13}},"loc":{"start":{"line":13,"column":0},"end":{"line":13,"column":13}}},"1":{"name":"Notifier","decl":{"start":{"line":19,"column":2},"end":{"line":19,"column":21}},"loc":{"start":{"line":19,"column":43},"end":{"line":19,"column":48}}},"2":{"name":"(anonymous_2)","decl":{"start":{"line":21,"column":2},"end":{"line":21,"column":8}},"loc":{"start":{"line":21,"column":2},"end":{"line":23,"column":3}}},"3":{"name":"(anonymous_3)","decl":{"start":{"line":28,"column":2},"end":{"line":28,"column":6}},"loc":{"start":{"line":28,"column":23},"end":{"line":57,"column":3}}},"4":{"name":"(anonymous_4)","decl":{"start":{"line":40,"column":49},"end":{"line":40,"column":50}},"loc":{"start":{"line":40,"column":67},"end":{"line":53,"column":5}}},"5":{"name":"(anonymous_5)","decl":{"start":{"line":41,"column":42},"end":{"line":41,"column":43}},"loc":{"start":{"line":41,"column":49},"end":{"line":47,"column":7}}},"6":{"name":"(anonymous_6)","decl":{"start":{"line":59,"column":2},"end":{"line":59,"column":6}},"loc":{"start":{"line":59,"column":2},"end":{"line":65,"column":3}}},"7":{"name":"(anonymous_7)","decl":{"start":{"line":67,"column":2},"end":{"line":67,"column":9}},"loc":{"start":{"line":67,"column":2},"end":{"line":70,"column":3}}},"8":{"name":"(anonymous_8)","decl":{"start":{"line":77,"column":0},"end":{"line":77,"column":13}},"loc":{"start":{"line":77,"column":0},"end":{"line":124,"column":null}}},"9":{"name":"WorkerManager","decl":{"start":{"line":88,"column":2},"end":{"line":88,"column":22}},"loc":{"start":{"line":88,"column":68},"end":{"line":90,"column":3}}},"10":{"name":"(anonymous_10)","decl":{"start":{"line":92,"column":2},"end":{"line":92,"column":11}},"loc":{"start":{"line":92,"column":2},"end":{"line":99,"column":3}}},"11":{"name":"(anonymous_11)","decl":{"start":{"line":107,"column":2},"end":{"line":107,"column":8}},"loc":{"start":{"line":107,"column":53},"end":{"line":123,"column":null}}},"12":{"name":"(anonymous_14)","decl":{"start":{"line":114,"column":6},"end":{"line":114,"column":7}},"loc":{"start":{"line":114,"column":13},"end":{"line":117,"column":7}}},"13":{"name":"(anonymous_15)","decl":{"start":{"line":118,"column":6},"end":{"line":118,"column":7}},"loc":{"start":{"line":118,"column":12},"end":{"line":121,"column":7}}},"14":{"name":"(anonymous_16)","decl":{"start":{"line":126,"column":0},"end":{"line":126,"column":13}},"loc":{"start":{"line":126,"column":0},"end":{"line":131,"column":null}}},"15":{"name":"WorkerManagerBlocked","decl":{"start":{"line":127,"column":2},"end":{"line":127,"column":null}},"loc":{"start":{"line":127,"column":2},"end":{"line":130,"column":3}}}},"branchMap":{"0":{"loc":{"start":{"line":29,"column":14},"end":{"line":29,"column":21}},"type":"binary-expr","locations":[{"start":{"line":29,"column":14},"end":{"line":29,"column":21}},{"start":{"line":29,"column":25},"end":{"line":29,"column":44}}]},"1":{"loc":{"start":{"line":30,"column":4},"end":{"line":33,"column":null}},"type":"if","locations":[{"start":{"line":30,"column":4},"end":{"line":33,"column":null}},{"start":{"line":30,"column":4},"end":{"line":33,"column":null}}]},"2":{"loc":{"start":{"line":34,"column":4},"end":{"line":34,"column":41}},"type":"if","locations":[{"start":{"line":34,"column":4},"end":{"line":34,"column":41}},{"start":{"line":34,"column":4},"end":{"line":34,"column":41}}]},"3":{"loc":{"start":{"line":39,"column":25},"end":{"line":39,"column":27}},"type":"cond-expr","locations":[{"start":{"line":39,"column":25},"end":{"line":39,"column":27}},{"start":{"line":39,"column":25},"end":{"line":39,"column":40}}]},"4":{"loc":{"start":{"line":39,"column":4},"end":{"line":39,"column":27}},"type":"binary-expr","locations":[{"start":{"line":39,"column":4},"end":{"line":39,"column":27}},{"start":{"line":39,"column":25},"end":{"line":39,"column":27}}]},"5":{"loc":{"start":{"line":44,"column":10},"end":{"line":44,"column":37}},"type":"binary-expr","locations":[{"start":{"line":44,"column":10},"end":{"line":44,"column":37}},{"start":{"line":45,"column":10},"end":{"line":45,"column":51}}]},"6":{"loc":{"start":{"line":48,"column":6},"end":{"line":52,"column":null}},"type":"if","locations":[{"start":{"line":48,"column":6},"end":{"line":52,"column":null}},{"start":{"line":48,"column":6},"end":{"line":52,"column":null}}]},"7":{"loc":{"start":{"line":60,"column":22},"end":{"line":60,"column":24}},"type":"cond-expr","locations":[{"start":{"line":60,"column":22},"end":{"line":60,"column":24}},{"start":{"line":60,"column":22},"end":{"line":60,"column":31}}]},"8":{"loc":{"start":{"line":60,"column":4},"end":{"line":60,"column":24}},"type":"binary-expr","locations":[{"start":{"line":60,"column":4},"end":{"line":60,"column":24}},{"start":{"line":60,"column":22},"end":{"line":60,"column":24}}]},"9":{"loc":{"start":{"line":61,"column":25},"end":{"line":61,"column":27}},"type":"cond-expr","locations":[{"start":{"line":61,"column":25},"end":{"line":61,"column":27}},{"start":{"line":61,"column":25},"end":{"line":61,"column":40}}]},"10":{"loc":{"start":{"line":61,"column":4},"end":{"line":61,"column":27}},"type":"binary-expr","locations":[{"start":{"line":61,"column":4},"end":{"line":61,"column":27}},{"start":{"line":61,"column":25},"end":{"line":61,"column":27}}]},"11":{"loc":{"start":{"line":93,"column":4},"end":{"line":98,"column":null}},"type":"if","locations":[{"start":{"line":93,"column":4},"end":{"line":98,"column":null}},{"start":{"line":93,"column":4},"end":{"line":98,"column":null}}]},"12":{"loc":{"start":{"line":108,"column":4},"end":{"line":110,"column":null}},"type":"if","locations":[{"start":{"line":108,"column":4},"end":{"line":110,"column":null}},{"start":{"line":108,"column":4},"end":{"line":110,"column":null}}]},"13":{"loc":{"start":{"line":108,"column":8},"end":{"line":108,"column":36}},"type":"binary-expr","locations":[{"start":{"line":108,"column":8},"end":{"line":108,"column":36}},{"start":{"line":108,"column":40},"end":{"line":108,"column":52}}]},"14":{"loc":{"start":{"line":128,"column":4},"end":{"line":128,"column":72}},"type":"binary-expr","locations":[{"start":{"line":128,"column":4},"end":{"line":128,"column":72}},{"start":{"line":128,"column":72},"end":{"line":128,"column":null}}]}},"s":{"0":2,"1":2,"2":2,"3":2,"4":2,"5":6,"6":6,"7":2,"8":0,"9":2,"10":5,"11":5,"12":5,"13":1,"14":1,"15":4,"16":1,"17":3,"18":3,"19":3,"20":0,"21":0,"22":0,"23":0,"24":0,"25":0,"26":0,"27":3,"28":2,"29":3,"30":3,"31":3,"32":3,"33":2,"34":2,"35":2,"36":2,"37":2,"38":2,"39":2,"40":1,"41":1,"42":0,"43":0,"44":2,"45":0,"46":0,"47":0,"48":0,"49":2,"50":0,"51":0,"52":0,"53":0,"54":0,"55":0,"56":0,"57":0,"58":2,"59":2,"60":2,"61":2,"62":0,"63":0,"64":2,"65":2,"66":2},"f":{"0":2,"1":6,"2":0,"3":5,"4":0,"5":0,"6":3,"7":2,"8":2,"9":1,"10":0,"11":0,"12":0,"13":0,"14":2,"15":0},"b":{"0":[5,5],"1":[1,4],"2":[1,3],"3":[3,0],"4":[3,3],"5":[0,0],"6":[0,0],"7":[2,1],"8":[3,3],"9":[2,1],"10":[3,3],"11":[0,0],"12":[0,0],"13":[0,0],"14":[0,0]}}
,"/mnt/c/Users/AnatolKhmialeuski/Workspace/obsidian-citation-extended/src/services/note.service.ts": {"path":"/mnt/c/Users/AnatolKhmialeuski/Workspace/obsidian-citation-extended/src/services/note.service.ts","statementMap":{"0":{"start":{"line":1,"column":0},"end":{"line":1,"column":53}},"1":{"start":{"line":2,"column":0},"end":{"line":2,"column":29}},"2":{"start":{"line":6,"column":0},"end":{"line":6,"column":70}},"3":{"start":{"line":8,"column":0},"end":{"line":8,"column":13}},"4":{"start":{"line":14,"column":16},"end":{"line":14,"column":24}},"5":{"start":{"line":15,"column":16},"end":{"line":15,"column":49}},"6":{"start":{"line":16,"column":16},"end":{"line":16,"column":48}},"7":{"start":{"line":9,"column":4},"end":{"line":11,"column":6}},"8":{"start":{"line":19,"column":4},"end":{"line":25,"column":null}},"9":{"start":{"line":20,"column":22},"end":{"line":20,"column":46}},"10":{"start":{"line":21,"column":26},"end":{"line":21,"column":74}},"11":{"start":{"line":22,"column":28},"end":{"line":22,"column":68}},"12":{"start":{"line":23,"column":22},"end":{"line":23,"column":81}},"13":{"start":{"line":24,"column":8},"end":{"line":24,"column":76}},"14":{"start":{"line":27,"column":10},"end":{"line":53,"column":null}},"15":{"start":{"line":28,"column":14},"end":{"line":28,"column":62}},"16":{"start":{"line":29,"column":14},"end":{"line":29,"column":51}},"17":{"start":{"line":31,"column":12},"end":{"line":31,"column":72}},"18":{"start":{"line":32,"column":12},"end":{"line":32,"column":16}},"19":{"start":{"line":34,"column":18},"end":{"line":36,"column":85}},"20":{"start":{"line":36,"column":31},"end":{"line":36,"column":84}},"21":{"start":{"line":37,"column":16},"end":{"line":37,"column":23}},"22":{"start":{"line":38,"column":16},"end":{"line":38,"column":34}},"23":{"start":{"line":41,"column":26},"end":{"line":41,"column":59}},"24":{"start":{"line":42,"column":26},"end":{"line":42,"column":87}},"25":{"start":{"line":43,"column":26},"end":{"line":43,"column":79}},"26":{"start":{"line":44,"column":27},"end":{"line":44,"column":70}},"27":{"start":{"line":44,"column":20},"end":{"line":44,"column":70}},"28":{"start":{"line":46,"column":20},"end":{"line":46,"column":60}},"29":{"start":{"line":47,"column":20},"end":{"line":47,"column":30}},"30":{"start":{"line":52,"column":8},"end":{"line":52,"column":29}},"31":{"start":{"line":55,"column":10},"end":{"line":61,"column":null}},"32":{"start":{"line":56,"column":8},"end":{"line":60,"column":34}},"33":{"start":{"line":58,"column":16},"end":{"line":58,"column":67}},"34":{"start":{"line":62,"column":0},"end":{"line":62,"column":null}},"35":{"start":{"line":8,"column":13},"end":{"line":8,"column":24}}},"fnMap":{"0":{"name":"(anonymous_0)","decl":{"start":{"line":8,"column":0},"end":{"line":8,"column":13}},"loc":{"start":{"line":8,"column":0},"end":{"line":62,"column":null}}},"1":{"name":"NoteService","decl":{"start":{"line":13,"column":4},"end":{"line":13,"column":null}},"loc":{"start":{"line":16,"column":48},"end":{"line":17,"column":9}}},"2":{"name":"(anonymous_2)","decl":{"start":{"line":19,"column":4},"end":{"line":19,"column":21}},"loc":{"start":{"line":19,"column":55},"end":{"line":25,"column":5}}},"3":{"name":"(anonymous_3)","decl":{"start":{"line":27,"column":4},"end":{"line":27,"column":10}},"loc":{"start":{"line":27,"column":73},"end":{"line":53,"column":null}}},"4":{"name":"(anonymous_6)","decl":{"start":{"line":36,"column":24},"end":{"line":36,"column":25}},"loc":{"start":{"line":36,"column":26},"end":{"line":36,"column":32}}},"5":{"name":"(anonymous_7)","decl":{"start":{"line":55,"column":4},"end":{"line":55,"column":10}},"loc":{"start":{"line":55,"column":80},"end":{"line":61,"column":null}}},"6":{"name":"(anonymous_10)","decl":{"start":{"line":57,"column":18},"end":{"line":57,"column":19}},"loc":{"start":{"line":57,"column":30},"end":{"line":59,"column":13}}}},"branchMap":{"0":{"loc":{"start":{"line":52,"column":8},"end":{"line":52,"column":29}},"type":"switch","locations":[{"start":{"line":52,"column":8},"end":{"line":52,"column":29}}]},"1":{"loc":{"start":{"line":32,"column":12},"end":{"line":32,"column":16}},"type":"if","locations":[{"start":{"line":32,"column":12},"end":{"line":32,"column":16}},{"start":{"line":32,"column":12},"end":{"line":32,"column":16}}]},"2":{"loc":{"start":{"line":37,"column":16},"end":{"line":37,"column":23}},"type":"if","locations":[{"start":{"line":37,"column":16},"end":{"line":37,"column":23}},{"start":{"line":37,"column":16},"end":{"line":37,"column":23}}]}},"s":{"0":1,"1":1,"2":1,"3":1,"4":1,"5":1,"6":1,"7":1,"8":1,"9":1,"10":1,"11":1,"12":1,"13":1,"14":1,"15":0,"16":0,"17":0,"18":0,"19":0,"20":0,"21":0,"22":0,"23":0,"24":0,"25":0,"26":0,"27":0,"28":0,"29":0,"30":0,"31":1,"32":0,"33":0,"34":1,"35":1},"f":{"0":1,"1":1,"2":1,"3":0,"4":0,"5":0,"6":0},"b":{"0":[0],"1":[0,0],"2":[0,0]}}
,"/mnt/c/Users/AnatolKhmialeuski/Workspace/obsidian-citation-extended/src/services/template.service.ts": {"path":"/mnt/c/Users/AnatolKhmialeuski/Workspace/obsidian-citation-extended/src/services/template.service.ts","statementMap":{"0":{"start":{"line":1,"column":0},"end":{"line":1,"column":null}},"1":{"start":{"line":8,"column":0},"end":{"line":8,"column":13}},"2":{"start":{"line":13,"column":24},"end":{"line":13,"column":57}},"3":{"start":{"line":9,"column":12},"end":{"line":11,"column":6}},"4":{"start":{"line":15,"column":11},"end":{"line":41,"column":null}},"5":{"start":{"line":16,"column":26},"end":{"line":38,"column":10}},"6":{"start":{"line":40,"column":8},"end":{"line":40,"column":55}},"7":{"start":{"line":43,"column":11},"end":{"line":46,"column":null}},"8":{"start":{"line":44,"column":25},"end":{"line":44,"column":76}},"9":{"start":{"line":45,"column":8},"end":{"line":45,"column":35}},"10":{"start":{"line":48,"column":11},"end":{"line":50,"column":null}},"11":{"start":{"line":49,"column":8},"end":{"line":49,"column":81}},"12":{"start":{"line":52,"column":11},"end":{"line":54,"column":null}},"13":{"start":{"line":53,"column":8},"end":{"line":53,"column":83}},"14":{"start":{"line":56,"column":11},"end":{"line":61,"column":null}},"15":{"start":{"line":56,"column":63},"end":{"line":56,"column":null}},"16":{"start":{"line":57,"column":28},"end":{"line":59,"column":52}},"17":{"start":{"line":60,"column":8},"end":{"line":60,"column":51}},"18":{"start":{"line":62,"column":0},"end":{"line":62,"column":null}},"19":{"start":{"line":8,"column":13},"end":{"line":8,"column":28}}},"fnMap":{"0":{"name":"(anonymous_0)","decl":{"start":{"line":8,"column":0},"end":{"line":8,"column":13}},"loc":{"start":{"line":8,"column":0},"end":{"line":62,"column":null}}},"1":{"name":"TemplateService","decl":{"start":{"line":13,"column":4},"end":{"line":13,"column":24}},"loc":{"start":{"line":13,"column":57},"end":{"line":13,"column":62}}},"2":{"name":"(anonymous_2)","decl":{"start":{"line":15,"column":4},"end":{"line":15,"column":11}},"loc":{"start":{"line":15,"column":44},"end":{"line":41,"column":5}}},"3":{"name":"(anonymous_3)","decl":{"start":{"line":43,"column":4},"end":{"line":43,"column":11}},"loc":{"start":{"line":43,"column":69},"end":{"line":46,"column":5}}},"4":{"name":"(anonymous_4)","decl":{"start":{"line":48,"column":4},"end":{"line":48,"column":11}},"loc":{"start":{"line":48,"column":50},"end":{"line":50,"column":5}}},"5":{"name":"(anonymous_5)","decl":{"start":{"line":52,"column":4},"end":{"line":52,"column":11}},"loc":{"start":{"line":52,"column":52},"end":{"line":54,"column":5}}},"6":{"name":"(anonymous_6)","decl":{"start":{"line":56,"column":4},"end":{"line":56,"column":11}},"loc":{"start":{"line":56,"column":82},"end":{"line":61,"column":5}}}},"branchMap":{"0":{"loc":{"start":{"line":36,"column":28},"end":{"line":36,"column":30}},"type":"cond-expr","locations":[{"start":{"line":36,"column":28},"end":{"line":36,"column":30}},{"start":{"line":36,"column":28},"end":{"line":36,"column":40}}]},"1":{"loc":{"start":{"line":36,"column":16},"end":{"line":36,"column":30}},"type":"binary-expr","locations":[{"start":{"line":36,"column":16},"end":{"line":36,"column":30}},{"start":{"line":36,"column":28},"end":{"line":36,"column":30}}]},"2":{"loc":{"start":{"line":56,"column":63},"end":{"line":56,"column":null}},"type":"if","locations":[{"start":{"line":56,"column":63},"end":{"line":56,"column":null}},{"start":{"line":56,"column":63},"end":{"line":56,"column":null}}]},"3":{"loc":{"start":{"line":58,"column":14},"end":{"line":58,"column":63}},"type":"cond-expr","locations":[{"start":{"line":58,"column":14},"end":{"line":58,"column":63}},{"start":{"line":59,"column":14},"end":{"line":59,"column":52}}]}},"s":{"0":2,"1":2,"2":5,"3":5,"4":2,"5":10,"6":10,"7":2,"8":2,"9":2,"10":2,"11":1,"12":2,"13":1,"14":2,"15":0,"16":0,"17":0,"18":2,"19":2},"f":{"0":2,"1":5,"2":10,"3":2,"4":1,"5":1,"6":0},"b":{"0":[0,10],"1":[10,10],"2":[0,0],"3":[0,0]}}
}
