TN:
SF:src/obsidian-extensions.ts
FN:7,(anonymous_0)
FNF:1
FNH:1
FNDA:2,(anonymous_0)
DA:5,2
DA:7,2
DA:8,2
DA:11,2
LF:4
LH:4
BRF:0
BRH:0
end_of_record
TN:
SF:src/settings.ts
FN:18,(anonymous_0)
FN:35,(anonymous_2)
FN:42,CitationSettingTab
FN:47,(anonymous_4)
FN:51,(anonymous_5)
FN:54,(anonymous_6)
FN:59,(anonymous_7)
FN:59,(anonymous_8)
FN:61,(anonymous_10)
FN:69,(anonymous_11)
FN:78,(anonymous_12)
FN:88,(anonymous_13)
FN:92,(anonymous_14)
FN:95,(anonymous_15)
FN:100,(anonymous_16)
FN:118,(anonymous_17)
FN:122,(anonymous_18)
FN:124,(anonymous_19)
FN:128,(anonymous_20)
FN:150,(anonymous_21)
FN:180,(anonymous_22)
FN:214,(anonymous_23)
FN:220,(anonymous_24)
FN:232,(anonymous_25)
FN:238,(anonymous_26)
FN:246,(anonymous_27)
FN:263,(anonymous_30)
FNF:27
FNH:2
FNDA:7,(anonymous_0)
FNDA:2,(anonymous_2)
FNDA:0,CitationSettingTab
FNDA:0,(anonymous_4)
FNDA:0,(anonymous_5)
FNDA:0,(anonymous_6)
FNDA:0,(anonymous_7)
FNDA:0,(anonymous_8)
FNDA:0,(anonymous_10)
FNDA:0,(anonymous_11)
FNDA:0,(anonymous_12)
FNDA:0,(anonymous_13)
FNDA:0,(anonymous_14)
FNDA:0,(anonymous_15)
FNDA:0,(anonymous_16)
FNDA:0,(anonymous_17)
FNDA:0,(anonymous_18)
FNDA:0,(anonymous_19)
FNDA:0,(anonymous_20)
FNDA:0,(anonymous_21)
FNDA:0,(anonymous_22)
FNDA:0,(anonymous_23)
FNDA:0,(anonymous_24)
FNDA:0,(anonymous_25)
FNDA:0,(anonymous_26)
FNDA:0,(anonymous_27)
FNDA:0,(anonymous_30)
DA:1,2
DA:11,2
DA:13,2
DA:18,2
DA:20,5
DA:22,5
DA:23,5
DA:24,5
DA:31,5
DA:32,5
DA:33,2
DA:35,2
DA:43,0
DA:44,0
DA:47,2
DA:48,0
DA:49,0
DA:51,0
DA:54,2
DA:59,0
DA:60,0
DA:61,0
DA:62,0
DA:63,0
DA:69,2
DA:74,0
DA:75,0
DA:78,2
DA:79,0
DA:81,0
DA:82,0
DA:84,0
DA:86,0
DA:89,0
DA:93,0
DA:96,0
DA:97,0
DA:98,0
DA:100,0
DA:101,0
DA:102,0
DA:111,0
DA:119,0
DA:123,0
DA:125,0
DA:128,0
DA:134,0
DA:138,0
DA:143,0
DA:148,0
DA:150,0
DA:155,0
DA:156,0
DA:157,0
DA:165,0
DA:171,0
DA:177,0
DA:180,0
DA:181,0
DA:182,0
DA:184,0
DA:189,0
DA:194,0
DA:195,0
DA:210,0
DA:212,0
DA:215,0
DA:218,0
DA:221,0
DA:224,0
DA:225,0
DA:230,0
DA:233,0
DA:236,0
DA:239,0
DA:246,2
DA:247,0
DA:250,0
DA:253,0
DA:255,0
DA:256,0
DA:257,0
DA:260,0
DA:263,2
DA:264,0
DA:266,0
DA:269,0
DA:271,2
LF:88
LH:19
BRDA:43,0,0,0
BRDA:43,0,1,0
BRDA:62,1,0,0
BRDA:62,1,1,0
BRDA:96,2,0,0
BRDA:96,2,1,0
BRDA:125,3,0,0
BRDA:125,3,1,0
BRDA:190,4,0,0
BRDA:190,4,1,0
BRDA:260,5,0,0
BRDA:264,6,0,0
BRDA:264,6,1,0
BRF:13
BRH:0
end_of_record
TN:
SF:src/types.ts
FN:39,(anonymous_0)
FN:40,Library
FN:42,(anonymous_2)
FN:55,loadEntries
FN:65,(anonymous_4)
FN:78,(anonymous_5)
FN:102,(anonymous_6)
FN:160,(anonymous_8)
FN:168,(anonymous_9)
FN:170,(anonymous_10)
FN:177,(anonymous_11)
FN:181,(anonymous_12)
FN:187,(anonymous_13)
FN:188,(anonymous_14)
FN:226,(anonymous_15)
FN:227,EntryCSLAdapter
FN:235,(anonymous_17)
FN:238,(anonymous_18)
FN:242,(anonymous_19)
FN:245,(anonymous_20)
FN:249,(anonymous_21)
FN:251,(anonymous_22)
FN:255,(anonymous_23)
FN:259,(anonymous_24)
FN:263,(anonymous_25)
FN:267,(anonymous_26)
FN:271,(anonymous_27)
FN:275,(anonymous_28)
FN:289,(anonymous_29)
FN:293,(anonymous_30)
FN:297,(anonymous_31)
FN:301,(anonymous_32)
FN:305,(anonymous_33)
FN:309,(anonymous_34)
FN:359,(anonymous_35)
FN:380,EntryBibLaTeXAdapter
FN:384,(anonymous_37)
FN:398,(anonymous_38)
FN:401,(anonymous_39)
FN:405,(anonymous_40)
FN:410,(anonymous_41)
FN:413,(anonymous_42)
FN:419,(anonymous_43)
FN:421,(anonymous_44)
FN:425,(anonymous_45)
FN:433,(anonymous_46)
FN:447,(anonymous_47)
FN:451,(anonymous_48)
FN:452,(anonymous_49)
FNF:49
FNH:47
FNDA:3,(anonymous_0)
FNDA:5,Library
FNDA:0,(anonymous_2)
FNDA:8,loadEntries
FNDA:1,(anonymous_4)
FNDA:1,(anonymous_5)
FNDA:24,(anonymous_6)
FNDA:10,(anonymous_8)
FNDA:10,(anonymous_9)
FNDA:1,(anonymous_10)
FNDA:10,(anonymous_11)
FNDA:10,(anonymous_12)
FNDA:130,(anonymous_13)
FNDA:120,(anonymous_14)
FNDA:3,(anonymous_15)
FNDA:10,EntryCSLAdapter
FNDA:15,(anonymous_17)
FNDA:10,(anonymous_18)
FNDA:10,(anonymous_19)
FNDA:5,(anonymous_20)
FNDA:10,(anonymous_21)
FNDA:18,(anonymous_22)
FNDA:10,(anonymous_23)
FNDA:10,(anonymous_24)
FNDA:10,(anonymous_25)
FNDA:10,(anonymous_26)
FNDA:10,(anonymous_27)
FNDA:10,(anonymous_28)
FNDA:10,(anonymous_29)
FNDA:10,(anonymous_30)
FNDA:10,(anonymous_31)
FNDA:10,(anonymous_32)
FNDA:10,(anonymous_33)
FNDA:10,(anonymous_34)
FNDA:3,(anonymous_35)
FNDA:11,EntryBibLaTeXAdapter
FNDA:209,(anonymous_37)
FNDA:15,(anonymous_38)
FNDA:10,(anonymous_39)
FNDA:5,(anonymous_40)
FNDA:5,(anonymous_41)
FNDA:0,(anonymous_42)
FNDA:10,(anonymous_43)
FNDA:18,(anonymous_44)
FNDA:72,(anonymous_45)
FNDA:10,(anonymous_46)
FNDA:9,(anonymous_47)
FNDA:5,(anonymous_48)
FNDA:9,(anonymous_49)
DA:1,3
DA:12,3
DA:15,3
DA:39,3
DA:40,5
DA:42,3
DA:43,0
DA:47,3
DA:55,3
DA:61,8
DA:62,3
DA:63,5
DA:64,5
DA:66,1
DA:73,5
DA:78,5
DA:79,1
DA:86,5
DA:89,8
DA:102,3
DA:160,3
DA:161,10
DA:168,3
DA:169,10
DA:170,1
DA:177,3
DA:178,10
DA:181,10
DA:182,10
DA:185,10
DA:186,10
DA:187,130
DA:188,120
DA:189,120
DA:190,120
DA:191,120
DA:192,120
DA:194,0
DA:199,10
DA:201,3
DA:226,3
DA:227,10
DA:228,10
DA:231,10
DA:232,10
DA:233,10
DA:235,3
DA:236,15
DA:238,3
DA:239,10
DA:242,3
DA:243,10
DA:245,3
DA:246,5
DA:249,3
DA:250,10
DA:251,18
DA:255,3
DA:256,10
DA:259,3
DA:260,10
DA:263,3
DA:264,10
DA:267,3
DA:268,10
DA:271,3
DA:272,10
DA:275,3
DA:276,10
DA:283,0
DA:285,10
DA:286,10
DA:289,3
DA:290,10
DA:293,3
DA:294,10
DA:297,3
DA:298,10
DA:301,3
DA:302,10
DA:305,3
DA:306,10
DA:309,3
DA:310,10
DA:312,3
DA:314,3
DA:338,3
DA:359,3
DA:380,11
DA:381,11
DA:383,11
DA:385,418
DA:386,209
DA:387,80
DA:388,80
DA:389,72
DA:392,80
DA:398,3
DA:399,15
DA:401,3
DA:402,10
DA:405,3
DA:408,5
DA:409,5
DA:410,5
DA:412,5
DA:413,0
DA:416,5
DA:419,3
DA:420,10
DA:421,8
DA:422,18
DA:423,18
DA:425,72
DA:427,8
DA:429,2
DA:433,3
DA:434,10
DA:435,4
DA:436,6
DA:437,2
DA:440,2
DA:443,2
DA:447,3
DA:448,9
DA:451,3
DA:452,9
DA:457,3
LF:128
LH:124
BRDA:61,0,0,3
BRDA:61,0,1,5
BRDA:63,1,0,5
BRDA:63,1,1,0
BRDA:162,2,0,1
BRDA:162,2,1,9
BRDA:163,3,0,0
BRDA:163,3,1,9
BRDA:163,4,0,9
BRDA:163,4,1,9
BRDA:169,5,0,9
BRDA:169,5,1,1
BRDA:169,6,0,10
BRDA:169,6,1,10
BRDA:189,7,0,120
BRDA:189,7,1,0
BRDA:189,8,0,120
BRDA:189,8,1,120
BRDA:228,9,0,10
BRDA:228,9,1,10
BRDA:251,10,0,8
BRDA:251,10,1,2
BRDA:276,11,0,0
BRDA:276,11,1,10
BRDA:278,12,0,10
BRDA:278,12,1,10
BRDA:278,12,2,10
BRDA:286,13,0,10
BRDA:286,13,1,6
BRDA:286,14,0,10
BRDA:286,14,1,6
BRDA:381,15,0,11
BRDA:381,15,1,11
BRDA:386,16,0,80
BRDA:386,16,1,129
BRDA:388,17,0,72
BRDA:388,17,1,8
BRDA:409,18,0,5
BRDA:409,18,1,0
BRDA:412,19,0,0
BRDA:412,19,1,5
BRDA:420,20,0,8
BRDA:420,20,1,2
BRDA:422,21,0,0
BRDA:422,21,1,18
BRDA:429,22,0,2
BRDA:429,22,1,0
BRDA:429,23,0,2
BRDA:429,23,1,2
BRDA:434,24,0,4
BRDA:434,24,1,6
BRDA:436,25,0,2
BRDA:436,25,1,4
BRDA:438,26,0,2
BRDA:438,26,1,0
BRDA:441,27,0,2
BRDA:441,27,1,0
BRDA:448,28,0,8
BRDA:448,28,1,1
BRDA:452,29,0,1
BRDA:452,29,1,4
BRDA:452,30,0,5
BRDA:452,30,1,5
BRF:63
BRH:53
end_of_record
TN:
SF:src/util.ts
FN:13,(anonymous_0)
FN:19,Notifier
FN:21,(anonymous_2)
FN:28,(anonymous_3)
FN:40,(anonymous_4)
FN:41,(anonymous_5)
FN:59,(anonymous_6)
FN:67,(anonymous_7)
FN:77,(anonymous_8)
FN:88,WorkerManager
FN:92,(anonymous_10)
FN:107,(anonymous_11)
FN:114,(anonymous_14)
FN:118,(anonymous_15)
FN:126,(anonymous_16)
FN:127,WorkerManagerBlocked
FNF:16
FNH:8
FNDA:2,(anonymous_0)
FNDA:6,Notifier
FNDA:0,(anonymous_2)
FNDA:5,(anonymous_3)
FNDA:0,(anonymous_4)
FNDA:0,(anonymous_5)
FNDA:3,(anonymous_6)
FNDA:2,(anonymous_7)
FNDA:2,(anonymous_8)
FNDA:1,WorkerManager
FNDA:0,(anonymous_10)
FNDA:0,(anonymous_11)
FNDA:0,(anonymous_14)
FNDA:0,(anonymous_15)
FNDA:2,(anonymous_16)
FNDA:0,WorkerManagerBlocked
DA:1,2
DA:3,2
DA:5,2
DA:7,2
DA:13,2
DA:14,2
DA:17,6
DA:19,6
DA:21,2
DA:22,0
DA:28,5
DA:29,5
DA:30,5
DA:31,1
DA:32,1
DA:34,4
DA:36,3
DA:39,3
DA:40,3
DA:41,0
DA:42,0
DA:43,0
DA:48,0
DA:49,0
DA:50,0
DA:51,0
DA:54,3
DA:59,2
DA:60,3
DA:61,3
DA:63,3
DA:64,3
DA:67,2
DA:68,2
DA:69,2
DA:71,2
DA:77,2
DA:78,1
DA:86,0
DA:88,1
DA:89,0
DA:92,2
DA:93,0
DA:94,0
DA:95,0
DA:97,0
DA:107,2
DA:108,0
DA:109,0
DA:112,0
DA:113,0
DA:115,0
DA:116,0
DA:119,0
DA:120,0
DA:124,2
DA:126,2
DA:128,0
DA:129,0
DA:131,2
DA:142,2
LF:61
LH:37
BRDA:29,0,0,5
BRDA:29,0,1,5
BRDA:30,1,0,1
BRDA:30,1,1,4
BRDA:34,2,0,1
BRDA:34,2,1,3
BRDA:39,3,0,3
BRDA:39,3,1,0
BRDA:39,4,0,3
BRDA:39,4,1,3
BRDA:44,5,0,0
BRDA:44,5,1,0
BRDA:48,6,0,0
BRDA:48,6,1,0
BRDA:60,7,0,2
BRDA:60,7,1,1
BRDA:60,8,0,3
BRDA:60,8,1,3
BRDA:61,9,0,2
BRDA:61,9,1,1
BRDA:61,10,0,3
BRDA:61,10,1,3
BRDA:93,11,0,0
BRDA:93,11,1,0
BRDA:108,12,0,0
BRDA:108,12,1,0
BRDA:108,13,0,0
BRDA:108,13,1,0
BRDA:128,14,0,0
BRDA:128,14,1,0
BRF:30
BRH:17
end_of_record
TN:
SF:src/services/note.service.ts
FN:8,(anonymous_0)
FN:13,NoteService
FN:19,(anonymous_2)
FN:27,(anonymous_3)
FN:36,(anonymous_6)
FN:55,(anonymous_7)
FN:57,(anonymous_10)
FNF:7
FNH:3
FNDA:1,(anonymous_0)
FNDA:1,NoteService
FNDA:1,(anonymous_2)
FNDA:0,(anonymous_3)
FNDA:0,(anonymous_6)
FNDA:0,(anonymous_7)
FNDA:0,(anonymous_10)
DA:1,1
DA:2,1
DA:6,1
DA:8,1
DA:9,1
DA:14,1
DA:15,1
DA:16,1
DA:19,1
DA:20,1
DA:21,1
DA:22,1
DA:23,1
DA:24,1
DA:27,1
DA:28,0
DA:29,0
DA:31,0
DA:32,0
DA:34,0
DA:36,0
DA:37,0
DA:38,0
DA:41,0
DA:42,0
DA:43,0
DA:44,0
DA:46,0
DA:47,0
DA:52,0
DA:55,1
DA:56,0
DA:58,0
DA:62,1
LF:34
LH:17
BRDA:52,0,0,0
BRDA:32,1,0,0
BRDA:32,1,1,0
BRDA:37,2,0,0
BRDA:37,2,1,0
BRF:5
BRH:0
end_of_record
TN:
SF:src/services/template.service.ts
FN:8,(anonymous_0)
FN:13,TemplateService
FN:15,(anonymous_2)
FN:43,(anonymous_3)
FN:48,(anonymous_4)
FN:52,(anonymous_5)
FN:56,(anonymous_6)
FNF:7
FNH:6
FNDA:2,(anonymous_0)
FNDA:5,TemplateService
FNDA:10,(anonymous_2)
FNDA:2,(anonymous_3)
FNDA:1,(anonymous_4)
FNDA:1,(anonymous_5)
FNDA:0,(anonymous_6)
DA:1,2
DA:8,2
DA:9,5
DA:13,5
DA:15,2
DA:16,10
DA:40,10
DA:43,2
DA:44,2
DA:45,2
DA:48,2
DA:49,1
DA:52,2
DA:53,1
DA:56,2
DA:57,0
DA:60,0
DA:62,2
LF:18
LH:16
BRDA:36,0,0,0
BRDA:36,0,1,10
BRDA:36,1,0,10
BRDA:36,1,1,10
BRDA:56,2,0,0
BRDA:56,2,1,0
BRDA:58,3,0,0
BRDA:58,3,1,0
BRF:8
BRH:3
end_of_record
